[35m[Appium][39m Welcome to Appium v1.22.3
[35m[Appium][39m Non-default server args:
[35m[Appium][39m   port: 50401
[35m[Appium][39m   loglevel: info
[35m[Appium][39m   tmpDir: C:\Users\HP14S~1\AppData\Local\Temp\\Katalon\Appium\Temp1670237018495
[35m[Appium][39m   chromedriverPort: 50402
[35m[Appium][39m Deprecated server args:
[35m[Appium][39m   [31m--chromedriver-port[39m => --default-capabilities
[35m[Appium][39m Default capabilities, which will be added to each request unless overridden by desired capabilities:
[35m[Appium][39m   chromedriverPort: 50402
[35m[Appium][39m Appium REST http interface listener started on 0.0.0.0:50401
[35m[HTTP][39m [37m-->[39m [37mGET[39m [37m/wd/hub/status[39m
[35m[HTTP][39m [90m{}[39m
[35m[HTTP][39m [37m<-- GET /wd/hub/status [39m[32m200[39m [90m8 ms - 68[39m
[35m[HTTP][39m [90m[39m
[35m[HTTP][39m [37m-->[39m [37mGET[39m [37m/wd/hub/status[39m
[35m[HTTP][39m [90m{}[39m
[35m[HTTP][39m [37m<-- GET /wd/hub/status [39m[32m200[39m [90m2 ms - 68[39m
[35m[HTTP][39m [90m[39m
[35m[HTTP][39m [37m-->[39m [37mPOST[39m [37m/wd/hub/session[39m
[35m[HTTP][39m [90m{"desiredCapabilities":{"app":"C:\\Users\\HP 14S\\Downloads\\NFJuara Staging 0.54.0 .apk","noReset":true,"deviceName":"samsung SM-J600G (Android 10)","fullReset":false,"platform":"ANDROID","newCommandTimeout":1800,"platformVersion":"10","automationName":"uiautomator2","autoGrantPermissions":true,"platformName":"Android","udid":"520068a3ee623523","systemPort":50408},"capabilities":{"firstMatch":[{"appium:app":"C:\\Users\\HP 14S\\Downloads\\NFJuara Staging 0.54.0 .apk","appium:autoGrantPermissions":true,"appium:automationName":"uiautomator2","appium:deviceName":"samsung SM-J600G (Android 10)","appium:fullReset":false,"appium:newCommandTimeout":1800,"appium:noReset":true,"platform":"ANDROID","platformName":"android","appium:platformVersion":"10","appium:systemPort":50408,"appium:udid":"520068a3ee623523"}]}}[39m
[35m[BaseDriver][39m The following capabilities are not standard capabilities and should have an extension prefix:
[35m[BaseDriver][39m   platform
[35m[BaseDriver][39m   chromedriverPort
[35m[Appium][39m Appium v1.22.3 creating new AndroidUiautomator2Driver (v1.70.1) session
[35m[BaseDriver][39m The following capabilities were provided, but are not recognized by Appium:
[35m[BaseDriver][39m   platform
[35m[BaseDriver][39m Session created with session id: 3c03d612-62f1-4adc-bfc8-3887fa23da42
[35m[BaseDriver][39m Using local app 'C:\Users\HP 14S\Downloads\NFJuara Staging 0.54.0 .apk'
[35m[ADB][39m Found 1 'build-tools' folders under 'C:\Users\HP 14S\AppData\Local\Android\Sdk\platform-tools' (newest first):
[35m[ADB][39m     C:/Users/HP 14S/AppData/Local/Android/Sdk/platform-tools/build-tools/29.0.3
[35m[ADB][39m Using 'adb.exe' from 'C:\Users\HP 14S\AppData\Local\Android\Sdk\platform-tools\platform-tools\adb.exe'
[35m[AndroidDriver][39m Retrieving device list
[35m[AndroidDriver][39m Using device: 520068a3ee623523
[35m[ADB][39m Using 'adb.exe' from 'C:\Users\HP 14S\AppData\Local\Android\Sdk\platform-tools\platform-tools\adb.exe'
[35m[ADB][39m Getting device platform version
[35m[UiAutomator2][39m Relaxing hidden api policy
[35m[ADB][39m Package name: 'id.co.nurulfikri.nfjuara'
[35m[ADB][39m Main activity name: 'id.co.nurulfikri.nfjuara.ui.splash.SplashActivity'
[35m[ADB][39m Using 'apksigner.jar' from 'C:\Users\HP 14S\AppData\Local\Android\Sdk\platform-tools\build-tools\29.0.3\lib\apksigner.jar'
[35m[ADB][39m 'C:\Users\HP 14S\AppData\Roaming\npm\node_modules\appium\node_modules\appium-uiautomator2-server\apks\appium-uiautomator2-server-v4.27.0.apk' is signed with the default certificate
[35m[ADB][39m 'C:\Users\HP 14S\AppData\Roaming\npm\node_modules\appium\node_modules\appium-uiautomator2-server\apks\appium-uiautomator2-server-debug-androidTest.apk' is signed with the default certificate
[35m[UiAutomator2][39m Server packages are not going to be (re)installed
[35m[ADB][39m Adding packages ["io.appium.settings","io.appium.uiautomator2.server","io.appium.uiautomator2.server.test"] to Doze whitelist
[35m[ADB][39m 'C:\Users\HP 14S\Downloads\NFJuara Staging 0.54.0 .apk' is signed with a non-default certificate
[35m[UiAutomator2][39m Starting UIAutomator2 server 4.27.0
[35m[UiAutomator2][39m Using UIAutomator2 server from 'C:\Users\HP 14S\AppData\Roaming\npm\node_modules\appium\node_modules\appium-uiautomator2-server\apks\appium-uiautomator2-server-v4.27.0.apk' and test from 'C:\Users\HP 14S\AppData\Roaming\npm\node_modules\appium\node_modules\appium-uiautomator2-server\apks\appium-uiautomator2-server-debug-androidTest.apk'
[35m[UiAutomator2][39m Waiting up to 30000ms for UiAutomator2 to be online...
[35m[WD Proxy][39m socket hang up
[35m[WD Proxy][39m socket hang up
[35m[WD Proxy][39m socket hang up
[35m[WD Proxy][39m socket hang up
[35m[WD Proxy][39m socket hang up
[35m[WD Proxy][39m Determined the downstream protocol as 'W3C'
[35m[AndroidDriver][39m Screen already unlocked, doing nothing
[35m[UiAutomator2][39m Starting 'id.co.nurulfikri.nfjuara/id.co.nurulfikri.nfjuara.ui.splash.SplashActivity and waiting for 'id.co.nurulfikri.nfjuara/id.co.nurulfikri.nfjuara.ui.splash.SplashActivity'
[35m[Appium][39m New AndroidUiautomator2Driver session created successfully, session 3c03d612-62f1-4adc-bfc8-3887fa23da42 added to master session list
[35m[HTTP][39m [37m<-- POST /wd/hub/session [39m[32m200[39m [90m15367 ms - 1288[39m
[35m[HTTP][39m [90m[39m
[35m[HTTP][39m [37m-->[39m [37mGET[39m [37m/wd/hub/session/3c03d612-62f1-4adc-bfc8-3887fa23da42[39m
[35m[HTTP][39m [90m{}[39m
[35m[HTTP][39m [37m<-- GET /wd/hub/session/3c03d612-62f1-4adc-bfc8-3887fa23da42 [39m[32m200[39m [90m19 ms - 1242[39m
[35m[HTTP][39m [90m[39m
[35m[HTTP][39m [37m-->[39m [37mGET[39m [37m/wd/hub/session/3c03d612-62f1-4adc-bfc8-3887fa23da42[39m
[35m[HTTP][39m [90m{}[39m
[35m[HTTP][39m [37m<-- GET /wd/hub/session/3c03d612-62f1-4adc-bfc8-3887fa23da42 [39m[32m200[39m [90m17 ms - 1242[39m
[35m[HTTP][39m [90m[39m
[35m[HTTP][39m [37m-->[39m [37mGET[39m [37m/wd/hub/status[39m
[35m[HTTP][39m [90m{}[39m
[35m[HTTP][39m [37m<-- GET /wd/hub/status [39m[32m200[39m [90m1 ms - 68[39m
[35m[HTTP][39m [90m[39m
[35m[HTTP][39m [37m-->[39m [37mPOST[39m [37m/wd/hub/session/3c03d612-62f1-4adc-bfc8-3887fa23da42/timeouts[39m
[35m[HTTP][39m [90m{"implicit":60000}[39m
[35m[HTTP][39m [37m<-- POST /wd/hub/session/3c03d612-62f1-4adc-bfc8-3887fa23da42/timeouts [39m[32m200[39m [90m5 ms - 14[39m
[35m[HTTP][39m [90m[39m
[35m[HTTP][39m [37m-->[39m [37mGET[39m [37m/wd/hub/session/3c03d612-62f1-4adc-bfc8-3887fa23da42/source[39m
[35m[HTTP][39m [90m{}[39m
[35m[W3C (3c03d612)][39m Driver proxy active, passing request on via HTTP proxy
[35m[WD Proxy][39m Replacing sessionId 7355f22a-71f2-44d7-841a-78e6b37fafb7 with 3c03d612-62f1-4adc-bfc8-3887fa23da42
[35m[HTTP][39m [37m<-- GET /wd/hub/session/3c03d612-62f1-4adc-bfc8-3887fa23da42/source [39m[32m200[39m [90m645 ms - 3646[39m
[35m[HTTP][39m [90m[39m
[35m[HTTP][39m [37m-->[39m [37mGET[39m [37m/wd/hub/session/3c03d612-62f1-4adc-bfc8-3887fa23da42/screenshot[39m
[35m[HTTP][39m [90m{}[39m
[35m[HTTP][39m [37m<-- GET /wd/hub/session/3c03d612-62f1-4adc-bfc8-3887fa23da42/screenshot [39m[32m200[39m [90m706 ms - 153460[39m
[35m[HTTP][39m [90m[39m
[35m[HTTP][39m [37m-->[39m [37mGET[39m [37m/wd/hub/session/3c03d612-62f1-4adc-bfc8-3887fa23da42/source[39m
[35m[HTTP][39m [90m{}[39m
[35m[W3C (3c03d612)][39m Driver proxy active, passing request on via HTTP proxy
[35m[WD Proxy][39m Replacing sessionId 7355f22a-71f2-44d7-841a-78e6b37fafb7 with 3c03d612-62f1-4adc-bfc8-3887fa23da42
[35m[HTTP][39m [37m<-- GET /wd/hub/session/3c03d612-62f1-4adc-bfc8-3887fa23da42/source [39m[32m200[39m [90m215 ms - 8581[39m
[35m[HTTP][39m [90m[39m
[35m[HTTP][39m [37m-->[39m [37mGET[39m [37m/wd/hub/session/3c03d612-62f1-4adc-bfc8-3887fa23da42/screenshot[39m
[35m[HTTP][39m [90m{}[39m
[35m[HTTP][39m [37m<-- GET /wd/hub/session/3c03d612-62f1-4adc-bfc8-3887fa23da42/screenshot [39m[32m200[39m [90m888 ms - 308450[39m
[35m[HTTP][39m [90m[39m
[35m[HTTP][39m [37m-->[39m [37mGET[39m [37m/wd/hub/session/3c03d612-62f1-4adc-bfc8-3887fa23da42/source[39m
[35m[HTTP][39m [90m{}[39m
[35m[W3C (3c03d612)][39m Driver proxy active, passing request on via HTTP proxy
[35m[WD Proxy][39m Replacing sessionId 7355f22a-71f2-44d7-841a-78e6b37fafb7 with 3c03d612-62f1-4adc-bfc8-3887fa23da42
[35m[HTTP][39m [37m<-- GET /wd/hub/session/3c03d612-62f1-4adc-bfc8-3887fa23da42/source [39m[32m200[39m [90m210 ms - 8581[39m
[35m[HTTP][39m [90m[39m
[35m[HTTP][39m [37m-->[39m [37mGET[39m [37m/wd/hub/session/3c03d612-62f1-4adc-bfc8-3887fa23da42/screenshot[39m
[35m[HTTP][39m [90m{}[39m
[35m[HTTP][39m [37m<-- GET /wd/hub/session/3c03d612-62f1-4adc-bfc8-3887fa23da42/screenshot [39m[32m200[39m [90m869 ms - 308450[39m
[35m[HTTP][39m [90m[39m
[35m[HTTP][39m [37m-->[39m [37mPOST[39m [37m/wd/hub/session/3c03d612-62f1-4adc-bfc8-3887fa23da42/elements[39m
[35m[HTTP][39m [90m{"using":"xpath","value":"//*[@class = 'android.widget.TextView' and (@text = 'Apakah Anda butuh Bantuan?' or . = 'Apakah Anda butuh Bantuan?') and @resource-id = 'id.co.nurulfikri.nfjuara:id/tv_help']"}[39m
[35m[HTTP][39m [37m<-- POST /wd/hub/session/3c03d612-62f1-4adc-bfc8-3887fa23da42/elements [39m[32m200[39m [90m901 ms - 139[39m
[35m[HTTP][39m [90m[39m
[35m[HTTP][39m [37m-->[39m [37mGET[39m [37m/wd/hub/session/3c03d612-62f1-4adc-bfc8-3887fa23da42/window/rect[39m
[35m[HTTP][39m [90m{}[39m
[35m[HTTP][39m [37m<-- GET /wd/hub/session/3c03d612-62f1-4adc-bfc8-3887fa23da42/window/rect [39m[32m200[39m [90m33 ms - 49[39m
[35m[HTTP][39m [90m[39m
[35m[HTTP][39m [37m-->[39m [37mPOST[39m [37m/wd/hub/session/3c03d612-62f1-4adc-bfc8-3887fa23da42/elements[39m
[35m[HTTP][39m [90m{"using":"xpath","value":"//*[@class = 'android.widget.TextView' and (@text = 'Apakah Anda butuh Bantuan?' or . = 'Apakah Anda butuh Bantuan?') and @resource-id = 'id.co.nurulfikri.nfjuara:id/tv_help']"}[39m
[35m[HTTP][39m [37m<-- POST /wd/hub/session/3c03d612-62f1-4adc-bfc8-3887fa23da42/elements [39m[32m200[39m [90m234 ms - 139[39m
[35m[HTTP][39m [90m[39m
[35m[HTTP][39m [37m-->[39m [37mGET[39m [37m/wd/hub/session/3c03d612-62f1-4adc-bfc8-3887fa23da42/element/00000000-0000-0085-ffff-ffff00000021/location[39m
[35m[HTTP][39m [90m{}[39m
[35m[W3C (3c03d612)][39m Driver proxy active, passing request on via HTTP proxy
[35m[WD Proxy][39m Replacing sessionId 7355f22a-71f2-44d7-841a-78e6b37fafb7 with 3c03d612-62f1-4adc-bfc8-3887fa23da42
[35m[HTTP][39m [37m<-- GET /wd/hub/session/3c03d612-62f1-4adc-bfc8-3887fa23da42/element/00000000-0000-0085-ffff-ffff00000021/location [39m[32m200[39m [90m33 ms - 78[39m
[35m[HTTP][39m [90m[39m
[35m[HTTP][39m [37m-->[39m [37mPOST[39m [37m/wd/hub/session/3c03d612-62f1-4adc-bfc8-3887fa23da42/touch/perform[39m
[35m[HTTP][39m [90m{"actions":[{"action":"tap","options":{"x":1,"y":1,"element":"00000000-0000-0085-ffff-ffff00000021"}}]}[39m
[35m[UiAutomator2][39m calling get location: 00000000-0000-0085-ffff-ffff00000021
[35m[HTTP][39m [37m<-- POST /wd/hub/session/3c03d612-62f1-4adc-bfc8-3887fa23da42/touch/perform [39m[32m200[39m [90m265 ms - 14[39m
[35m[HTTP][39m [90m[39m
[35m[HTTP][39m [37m-->[39m [37mGET[39m [37m/wd/hub/session/3c03d612-62f1-4adc-bfc8-3887fa23da42/source[39m
[35m[HTTP][39m [90m{}[39m
[35m[W3C (3c03d612)][39m Driver proxy active, passing request on via HTTP proxy
[35m[WD Proxy][39m Replacing sessionId 7355f22a-71f2-44d7-841a-78e6b37fafb7 with 3c03d612-62f1-4adc-bfc8-3887fa23da42
[35m[HTTP][39m [37m<-- GET /wd/hub/session/3c03d612-62f1-4adc-bfc8-3887fa23da42/source [39m[32m200[39m [90m1403 ms - 37475[39m
[35m[HTTP][39m [90m[39m
[35m[HTTP][39m [37m-->[39m [37mGET[39m [37m/wd/hub/session/3c03d612-62f1-4adc-bfc8-3887fa23da42/screenshot[39m
[35m[HTTP][39m [90m{}[39m
[35m[HTTP][39m [37m<-- GET /wd/hub/session/3c03d612-62f1-4adc-bfc8-3887fa23da42/screenshot [39m[32m200[39m [90m735 ms - 187530[39m
[35m[HTTP][39m [90m[39m
[35m[HTTP][39m [37m-->[39m [37mGET[39m [37m/wd/hub/session/3c03d612-62f1-4adc-bfc8-3887fa23da42/source[39m
[35m[HTTP][39m [90m{}[39m
[35m[W3C (3c03d612)][39m Driver proxy active, passing request on via HTTP proxy
[35m[WD Proxy][39m Replacing sessionId 7355f22a-71f2-44d7-841a-78e6b37fafb7 with 3c03d612-62f1-4adc-bfc8-3887fa23da42
[35m[HTTP][39m [37m<-- GET /wd/hub/session/3c03d612-62f1-4adc-bfc8-3887fa23da42/source [39m[32m200[39m [90m208 ms - 8581[39m
[35m[HTTP][39m [90m[39m
[35m[HTTP][39m [37m-->[39m [37mGET[39m [37m/wd/hub/session/3c03d612-62f1-4adc-bfc8-3887fa23da42/screenshot[39m
[35m[HTTP][39m [90m{}[39m
[35m[HTTP][39m [37m<-- GET /wd/hub/session/3c03d612-62f1-4adc-bfc8-3887fa23da42/screenshot [39m[32m200[39m [90m851 ms - 308482[39m
[35m[HTTP][39m [90m[39m
[35m[HTTP][39m [37m-->[39m [37mPOST[39m [37m/wd/hub/session/3c03d612-62f1-4adc-bfc8-3887fa23da42/elements[39m
[35m[HTTP][39m [90m{"using":"xpath","value":"//*[@class = 'android.widget.TextView' and (@text = 'Punya akun khusus dari NF Juara? Klik di sini' or . = 'Punya akun khusus dari NF Juara? Klik di sini') and @resource-id = 'id.co.nurulfikri.nfjuara:id/tv_email']"}[39m
[35m[HTTP][39m [37m<-- POST /wd/hub/session/3c03d612-62f1-4adc-bfc8-3887fa23da42/elements [39m[32m200[39m [90m206 ms - 139[39m
[35m[HTTP][39m [90m[39m
[35m[HTTP][39m [37m-->[39m [37mGET[39m [37m/wd/hub/session/3c03d612-62f1-4adc-bfc8-3887fa23da42/window/rect[39m
[35m[HTTP][39m [90m{}[39m
[35m[HTTP][39m [37m<-- GET /wd/hub/session/3c03d612-62f1-4adc-bfc8-3887fa23da42/window/rect [39m[32m200[39m [90m21 ms - 49[39m
[35m[HTTP][39m [90m[39m
[35m[HTTP][39m [37m-->[39m [37mPOST[39m [37m/wd/hub/session/3c03d612-62f1-4adc-bfc8-3887fa23da42/elements[39m
[35m[HTTP][39m [90m{"using":"xpath","value":"//*[@class = 'android.widget.TextView' and (@text = 'Punya akun khusus dari NF Juara? Klik di sini' or . = 'Punya akun khusus dari NF Juara? Klik di sini') and @resource-id = 'id.co.nurulfikri.nfjuara:id/tv_email']"}[39m
[35m[HTTP][39m [37m<-- POST /wd/hub/session/3c03d612-62f1-4adc-bfc8-3887fa23da42/elements [39m[32m200[39m [90m177 ms - 139[39m
[35m[HTTP][39m [90m[39m
[35m[HTTP][39m [37m-->[39m [37mGET[39m [37m/wd/hub/session/3c03d612-62f1-4adc-bfc8-3887fa23da42/element/00000000-0000-0085-ffff-ffff00000020/location[39m
[35m[HTTP][39m [90m{}[39m
[35m[W3C (3c03d612)][39m Driver proxy active, passing request on via HTTP proxy
[35m[WD Proxy][39m Replacing sessionId 7355f22a-71f2-44d7-841a-78e6b37fafb7 with 3c03d612-62f1-4adc-bfc8-3887fa23da42
[35m[HTTP][39m [37m<-- GET /wd/hub/session/3c03d612-62f1-4adc-bfc8-3887fa23da42/element/00000000-0000-0085-ffff-ffff00000020/location [39m[32m200[39m [90m25 ms - 78[39m
[35m[HTTP][39m [90m[39m
[35m[HTTP][39m [37m-->[39m [37mPOST[39m [37m/wd/hub/session/3c03d612-62f1-4adc-bfc8-3887fa23da42/touch/perform[39m
[35m[HTTP][39m [90m{"actions":[{"action":"longPress","options":{"element":"00000000-0000-0085-ffff-ffff00000020"}},{"action":"release","options":{}}]}[39m
[35m[UiAutomator2][39m calling get location: 00000000-0000-0085-ffff-ffff00000020
[35m[HTTP][39m [37m<-- POST /wd/hub/session/3c03d612-62f1-4adc-bfc8-3887fa23da42/touch/perform [39m[32m200[39m [90m2633 ms - 14[39m
[35m[HTTP][39m [90m[39m
[35m[HTTP][39m [37m-->[39m [37mGET[39m [37m/wd/hub/session/3c03d612-62f1-4adc-bfc8-3887fa23da42/source[39m
[35m[HTTP][39m [90m{}[39m
[35m[W3C (3c03d612)][39m Driver proxy active, passing request on via HTTP proxy
[35m[WD Proxy][39m Replacing sessionId 7355f22a-71f2-44d7-841a-78e6b37fafb7 with 3c03d612-62f1-4adc-bfc8-3887fa23da42
[35m[HTTP][39m [37m<-- GET /wd/hub/session/3c03d612-62f1-4adc-bfc8-3887fa23da42/source [39m[32m200[39m [90m231 ms - 11173[39m
[35m[HTTP][39m [90m[39m
[35m[HTTP][39m [37m-->[39m [37mGET[39m [37m/wd/hub/session/3c03d612-62f1-4adc-bfc8-3887fa23da42/screenshot[39m
[35m[HTTP][39m [90m{}[39m
[35m[HTTP][39m [37m<-- GET /wd/hub/session/3c03d612-62f1-4adc-bfc8-3887fa23da42/screenshot [39m[32m200[39m [90m686 ms - 109508[39m
[35m[HTTP][39m [90m[39m
[35m[HTTP][39m [37m-->[39m [37mPOST[39m [37m/wd/hub/session/3c03d612-62f1-4adc-bfc8-3887fa23da42/elements[39m
[35m[HTTP][39m [90m{"using":"xpath","value":"//*[@class = 'android.widget.EditText' and (@text = 'Email' or . = 'Email') and @resource-id = 'id.co.nurulfikri.nfjuara:id/et_email']"}[39m
[35m[HTTP][39m [37m<-- POST /wd/hub/session/3c03d612-62f1-4adc-bfc8-3887fa23da42/elements [39m[32m200[39m [90m195 ms - 139[39m
[35m[HTTP][39m [90m[39m
[35m[HTTP][39m [37m-->[39m [37mGET[39m [37m/wd/hub/session/3c03d612-62f1-4adc-bfc8-3887fa23da42/window/rect[39m
[35m[HTTP][39m [90m{}[39m
[35m[HTTP][39m [37m<-- GET /wd/hub/session/3c03d612-62f1-4adc-bfc8-3887fa23da42/window/rect [39m[32m200[39m [90m15 ms - 49[39m
[35m[HTTP][39m [90m[39m
[35m[HTTP][39m [37m-->[39m [37mPOST[39m [37m/wd/hub/session/3c03d612-62f1-4adc-bfc8-3887fa23da42/elements[39m
[35m[HTTP][39m [90m{"using":"xpath","value":"//*[@class = 'android.widget.EditText' and (@text = 'Email' or . = 'Email') and @resource-id = 'id.co.nurulfikri.nfjuara:id/et_email']"}[39m
[35m[HTTP][39m [37m<-- POST /wd/hub/session/3c03d612-62f1-4adc-bfc8-3887fa23da42/elements [39m[32m200[39m [90m206 ms - 139[39m
[35m[HTTP][39m [90m[39m
[35m[HTTP][39m [37m-->[39m [37mGET[39m [37m/wd/hub/session/3c03d612-62f1-4adc-bfc8-3887fa23da42/element/00000000-0000-0087-ffff-ffff000000b9/location[39m
[35m[HTTP][39m [90m{}[39m
[35m[W3C (3c03d612)][39m Driver proxy active, passing request on via HTTP proxy
[35m[WD Proxy][39m Replacing sessionId 7355f22a-71f2-44d7-841a-78e6b37fafb7 with 3c03d612-62f1-4adc-bfc8-3887fa23da42
[35m[HTTP][39m [37m<-- GET /wd/hub/session/3c03d612-62f1-4adc-bfc8-3887fa23da42/element/00000000-0000-0087-ffff-ffff000000b9/location [39m[32m200[39m [90m23 ms - 77[39m
[35m[HTTP][39m [90m[39m
[35m[HTTP][39m [37m-->[39m [37mPOST[39m [37m/wd/hub/session/3c03d612-62f1-4adc-bfc8-3887fa23da42/touch/perform[39m
[35m[HTTP][39m [90m{"actions":[{"action":"tap","options":{"x":1,"y":1,"element":"00000000-0000-0087-ffff-ffff000000b9"}}]}[39m
[35m[UiAutomator2][39m calling get location: 00000000-0000-0087-ffff-ffff000000b9
[35m[HTTP][39m [37m<-- POST /wd/hub/session/3c03d612-62f1-4adc-bfc8-3887fa23da42/touch/perform [39m[32m200[39m [90m974 ms - 14[39m
[35m[HTTP][39m [90m[39m
[35m[HTTP][39m [37m-->[39m [37mGET[39m [37m/wd/hub/session/3c03d612-62f1-4adc-bfc8-3887fa23da42/source[39m
[35m[HTTP][39m [90m{}[39m
[35m[W3C (3c03d612)][39m Driver proxy active, passing request on via HTTP proxy
[35m[WD Proxy][39m Replacing sessionId 7355f22a-71f2-44d7-841a-78e6b37fafb7 with 3c03d612-62f1-4adc-bfc8-3887fa23da42
[35m[HTTP][39m [37m<-- GET /wd/hub/session/3c03d612-62f1-4adc-bfc8-3887fa23da42/source [39m[32m200[39m [90m210 ms - 7985[39m
[35m[HTTP][39m [90m[39m
[35m[HTTP][39m [37m-->[39m [37mGET[39m [37m/wd/hub/session/3c03d612-62f1-4adc-bfc8-3887fa23da42/screenshot[39m
[35m[HTTP][39m [90m{}[39m
[35m[HTTP][39m [37m<-- GET /wd/hub/session/3c03d612-62f1-4adc-bfc8-3887fa23da42/screenshot [39m[32m200[39m [90m714 ms - 137190[39m
[35m[HTTP][39m [90m[39m
[35m[HTTP][39m [37m-->[39m [37mGET[39m [37m/wd/hub/session/3c03d612-62f1-4adc-bfc8-3887fa23da42/source[39m
[35m[HTTP][39m [90m{}[39m
[35m[W3C (3c03d612)][39m Driver proxy active, passing request on via HTTP proxy
[35m[WD Proxy][39m Replacing sessionId 7355f22a-71f2-44d7-841a-78e6b37fafb7 with 3c03d612-62f1-4adc-bfc8-3887fa23da42
[35m[HTTP][39m [37m<-- GET /wd/hub/session/3c03d612-62f1-4adc-bfc8-3887fa23da42/source [39m[32m200[39m [90m258 ms - 10246[39m
[35m[HTTP][39m [90m[39m
[35m[HTTP][39m [37m-->[39m [37mGET[39m [37m/wd/hub/session/3c03d612-62f1-4adc-bfc8-3887fa23da42/screenshot[39m
[35m[HTTP][39m [90m{}[39m
[35m[HTTP][39m [37m<-- GET /wd/hub/session/3c03d612-62f1-4adc-bfc8-3887fa23da42/screenshot [39m[32m200[39m [90m722 ms - 155344[39m
[35m[HTTP][39m [90m[39m
[35m[HTTP][39m [37m-->[39m [37mDELETE[39m [37m/wd/hub/session/3c03d612-62f1-4adc-bfc8-3887fa23da42[39m
[35m[HTTP][39m [90m{}[39m
[35m[Appium][39m Removing session 3c03d612-62f1-4adc-bfc8-3887fa23da42 from our master session list
[35m[UiAutomator2][39m Restoring hidden api policy to the device default configuration
[35m[HTTP][39m [37m<-- DELETE /wd/hub/session/3c03d612-62f1-4adc-bfc8-3887fa23da42 [39m[32m200[39m [90m479 ms - 14[39m
[35m[HTTP][39m [90m[39m
